<?xml version="1.0" encoding="UTF-8"?>
<!-- Generated by org.testng.reporters.JUnitReportReporter -->
<testsuite hostname="DESKTOP-T2U3IFN" failures="0" tests="1" name="tests.UserTests" time="2.394" errors="0" timestamp="2025-08-08T15:10:21 IST" skipped="0">
  <testcase classname="tests.UserTests" name="testGetUserWithPojo" time="2.394"/>
</testsuite> <!-- tests.UserTests -->
